2025-11-04 11:33:30,524 - survey_app - INFO - [database_config.py:8] - Attempting to connect to MongoDB at: lapan.xttqjbk.mongodb.net/?retryWrites=true&w=majority&appName=Lapan
2025-11-04 11:33:36,439 - survey_app - ERROR - [database_config.py:20] - MongoDB server selection timeout: SSL handshake failed: ac-ljbms1h-shard-00-00.xttqjbk.mongodb.net:27017: [SSL: TLSV1_ALERT_INTERNAL_ERROR] tlsv1 alert internal error (_ssl.c:1007) (configured timeouts: socketTimeoutMS: 20000.0ms, connectTimeoutMS: 20000.0ms),SSL handshake failed: ac-ljbms1h-shard-00-02.xttqjbk.mongodb.net:27017: [SSL: TLSV1_ALERT_INTERNAL_ERROR] tlsv1 alert internal error (_ssl.c:1007) (configured timeouts: socketTimeoutMS: 20000.0ms, connectTimeoutMS: 20000.0ms),SSL handshake failed: ac-ljbms1h-shard-00-01.xttqjbk.mongodb.net:27017: [SSL: TLSV1_ALERT_INTERNAL_ERROR] tlsv1 alert internal error (_ssl.c:1007) (configured timeouts: socketTimeoutMS: 20000.0ms, connectTimeoutMS: 20000.0ms), Timeout: 5.0s, Topology Description: <TopologyDescription id: 690a0eba83b41f44c5d5f482, topology_type: ReplicaSetNoPrimary, servers: [<ServerDescription ('ac-ljbms1h-shard-00-00.xttqjbk.mongodb.net', 27017) server_type: Unknown, rtt: None, error=AutoReconnect('SSL handshake failed: ac-ljbms1h-shard-00-00.xttqjbk.mongodb.net:27017: [SSL: TLSV1_ALERT_INTERNAL_ERROR] tlsv1 alert internal error (_ssl.c:1007) (configured timeouts: socketTimeoutMS: 20000.0ms, connectTimeoutMS: 20000.0ms)')>, <ServerDescription ('ac-ljbms1h-shard-00-01.xttqjbk.mongodb.net', 27017) server_type: Unknown, rtt: None, error=AutoReconnect('SSL handshake failed: ac-ljbms1h-shard-00-01.xttqjbk.mongodb.net:27017: [SSL: TLSV1_ALERT_INTERNAL_ERROR] tlsv1 alert internal error (_ssl.c:1007) (configured timeouts: socketTimeoutMS: 20000.0ms, connectTimeoutMS: 20000.0ms)')>, <ServerDescription ('ac-ljbms1h-shard-00-02.xttqjbk.mongodb.net', 27017) server_type: Unknown, rtt: None, error=AutoReconnect('SSL handshake failed: ac-ljbms1h-shard-00-02.xttqjbk.mongodb.net:27017: [SSL: TLSV1_ALERT_INTERNAL_ERROR] tlsv1 alert internal error (_ssl.c:1007) (configured timeouts: socketTimeoutMS: 20000.0ms, connectTimeoutMS: 20000.0ms)')>]>
2025-11-04 11:33:36,439 - serving - ERROR - [app.py:875] - Exception on /__/functions.yaml [GET]
Traceback (most recent call last):
  File "/home/hugo/Documents/survey/survey_api/venv/lib/python3.10/site-packages/flask/app.py", line 1511, in wsgi_app
    response = self.full_dispatch_request()
  File "/home/hugo/Documents/survey/survey_api/venv/lib/python3.10/site-packages/flask/app.py", line 919, in full_dispatch_request
    rv = self.handle_user_exception(e)
  File "/home/hugo/Documents/survey/survey_api/venv/lib/python3.10/site-packages/flask/app.py", line 917, in full_dispatch_request
    rv = self.dispatch_request()
  File "/home/hugo/Documents/survey/survey_api/venv/lib/python3.10/site-packages/flask/app.py", line 902, in dispatch_request
    return self.ensure_sync(self.view_functions[rule.endpoint])(**view_args)  # type: ignore[no-any-return]
  File "/home/hugo/Documents/survey/survey_api/venv/lib/python3.10/site-packages/firebase_functions/private/serving.py", line 122, in get_functions_yaml
    functions = get_functions()
  File "/home/hugo/Documents/survey/survey_api/venv/lib/python3.10/site-packages/firebase_functions/private/serving.py", line 40, in get_functions
    spec.loader.exec_module(module)
  File "<frozen importlib._bootstrap_external>", line 883, in exec_module
  File "<frozen importlib._bootstrap>", line 241, in _call_with_frames_removed
  File "/home/hugo/Documents/survey/survey_api/main.py", line 7, in <module>
    from routers.survey import router as surveys_router
  File "/home/hugo/Documents/survey/survey_api/routers/survey.py", line 9, in <module>
    from config.database_config import db
  File "/home/hugo/Documents/survey/survey_api/config/database_config.py", line 13, in <module>
    client.admin.command('ping')
  File "/home/hugo/Documents/survey/survey_api/venv/lib/python3.10/site-packages/pymongo/_csot.py", line 125, in csot_wrapper
    return func(self, *args, **kwargs)
  File "/home/hugo/Documents/survey/survey_api/venv/lib/python3.10/site-packages/pymongo/synchronous/database.py", line 931, in command
    with self._client._conn_for_reads(read_preference, session, operation=command_name) as (
  File "/home/hugo/Documents/survey/survey_api/venv/lib/python3.10/site-packages/pymongo/synchronous/mongo_client.py", line 1885, in _conn_for_reads
    server = self._select_server(read_preference, session, operation)
  File "/home/hugo/Documents/survey/survey_api/venv/lib/python3.10/site-packages/pymongo/synchronous/mongo_client.py", line 1833, in _select_server
    server = topology.select_server(
  File "/home/hugo/Documents/survey/survey_api/venv/lib/python3.10/site-packages/pymongo/synchronous/topology.py", line 409, in select_server
    server = self._select_server(
  File "/home/hugo/Documents/survey/survey_api/venv/lib/python3.10/site-packages/pymongo/synchronous/topology.py", line 387, in _select_server
    servers = self.select_servers(
  File "/home/hugo/Documents/survey/survey_api/venv/lib/python3.10/site-packages/pymongo/synchronous/topology.py", line 294, in select_servers
    server_descriptions = self._select_servers_loop(
  File "/home/hugo/Documents/survey/survey_api/venv/lib/python3.10/site-packages/pymongo/synchronous/topology.py", line 344, in _select_servers_loop
    raise ServerSelectionTimeoutError(
pymongo.errors.ServerSelectionTimeoutError: SSL handshake failed: ac-ljbms1h-shard-00-00.xttqjbk.mongodb.net:27017: [SSL: TLSV1_ALERT_INTERNAL_ERROR] tlsv1 alert internal error (_ssl.c:1007) (configured timeouts: socketTimeoutMS: 20000.0ms, connectTimeoutMS: 20000.0ms),SSL handshake failed: ac-ljbms1h-shard-00-02.xttqjbk.mongodb.net:27017: [SSL: TLSV1_ALERT_INTERNAL_ERROR] tlsv1 alert internal error (_ssl.c:1007) (configured timeouts: socketTimeoutMS: 20000.0ms, connectTimeoutMS: 20000.0ms),SSL handshake failed: ac-ljbms1h-shard-00-01.xttqjbk.mongodb.net:27017: [SSL: TLSV1_ALERT_INTERNAL_ERROR] tlsv1 alert internal error (_ssl.c:1007) (configured timeouts: socketTimeoutMS: 20000.0ms, connectTimeoutMS: 20000.0ms), Timeout: 5.0s, Topology Description: <TopologyDescription id: 690a0eba83b41f44c5d5f482, topology_type: ReplicaSetNoPrimary, servers: [<ServerDescription ('ac-ljbms1h-shard-00-00.xttqjbk.mongodb.net', 27017) server_type: Unknown, rtt: None, error=AutoReconnect('SSL handshake failed: ac-ljbms1h-shard-00-00.xttqjbk.mongodb.net:27017: [SSL: TLSV1_ALERT_INTERNAL_ERROR] tlsv1 alert internal error (_ssl.c:1007) (configured timeouts: socketTimeoutMS: 20000.0ms, connectTimeoutMS: 20000.0ms)')>, <ServerDescription ('ac-ljbms1h-shard-00-01.xttqjbk.mongodb.net', 27017) server_type: Unknown, rtt: None, error=AutoReconnect('SSL handshake failed: ac-ljbms1h-shard-00-01.xttqjbk.mongodb.net:27017: [SSL: TLSV1_ALERT_INTERNAL_ERROR] tlsv1 alert internal error (_ssl.c:1007) (configured timeouts: socketTimeoutMS: 20000.0ms, connectTimeoutMS: 20000.0ms)')>, <ServerDescription ('ac-ljbms1h-shard-00-02.xttqjbk.mongodb.net', 27017) server_type: Unknown, rtt: None, error=AutoReconnect('SSL handshake failed: ac-ljbms1h-shard-00-02.xttqjbk.mongodb.net:27017: [SSL: TLSV1_ALERT_INTERNAL_ERROR] tlsv1 alert internal error (_ssl.c:1007) (configured timeouts: socketTimeoutMS: 20000.0ms, connectTimeoutMS: 20000.0ms)')>]>
2025-11-04 11:33:36,447 - werkzeug - INFO - [_internal.py:97] - 127.0.0.1 - - [04/Nov/2025 11:33:36] "[35m[1mGET /__/functions.yaml HTTP/1.1[0m" 500 -
2025-11-04 11:33:36,460 - werkzeug - INFO - [_internal.py:97] - 127.0.0.1 - - [04/Nov/2025 11:33:36] "GET /__/quitquitquit HTTP/1.1" 200 -
2025-11-04 11:35:50,520 - survey_app - INFO - [database_config.py:8] - Attempting to connect to MongoDB at: lapan.xttqjbk.mongodb.net/?retryWrites=true&w=majority&appName=Lapan&tls=true&tlsAllowInvalidCertificates=true
2025-11-04 11:35:56,289 - survey_app - ERROR - [database_config.py:20] - MongoDB server selection timeout: SSL handshake failed: ac-ljbms1h-shard-00-02.xttqjbk.mongodb.net:27017: [SSL: TLSV1_ALERT_INTERNAL_ERROR] tlsv1 alert internal error (_ssl.c:1007) (configured timeouts: socketTimeoutMS: 20000.0ms, connectTimeoutMS: 20000.0ms),SSL handshake failed: ac-ljbms1h-shard-00-01.xttqjbk.mongodb.net:27017: [SSL: TLSV1_ALERT_INTERNAL_ERROR] tlsv1 alert internal error (_ssl.c:1007) (configured timeouts: socketTimeoutMS: 20000.0ms, connectTimeoutMS: 20000.0ms),SSL handshake failed: ac-ljbms1h-shard-00-00.xttqjbk.mongodb.net:27017: [SSL: TLSV1_ALERT_INTERNAL_ERROR] tlsv1 alert internal error (_ssl.c:1007) (configured timeouts: socketTimeoutMS: 20000.0ms, connectTimeoutMS: 20000.0ms), Timeout: 5.0s, Topology Description: <TopologyDescription id: 690a0f468fe146b899fbfb15, topology_type: ReplicaSetNoPrimary, servers: [<ServerDescription ('ac-ljbms1h-shard-00-00.xttqjbk.mongodb.net', 27017) server_type: Unknown, rtt: None, error=AutoReconnect('SSL handshake failed: ac-ljbms1h-shard-00-00.xttqjbk.mongodb.net:27017: [SSL: TLSV1_ALERT_INTERNAL_ERROR] tlsv1 alert internal error (_ssl.c:1007) (configured timeouts: socketTimeoutMS: 20000.0ms, connectTimeoutMS: 20000.0ms)')>, <ServerDescription ('ac-ljbms1h-shard-00-01.xttqjbk.mongodb.net', 27017) server_type: Unknown, rtt: None, error=AutoReconnect('SSL handshake failed: ac-ljbms1h-shard-00-01.xttqjbk.mongodb.net:27017: [SSL: TLSV1_ALERT_INTERNAL_ERROR] tlsv1 alert internal error (_ssl.c:1007) (configured timeouts: socketTimeoutMS: 20000.0ms, connectTimeoutMS: 20000.0ms)')>, <ServerDescription ('ac-ljbms1h-shard-00-02.xttqjbk.mongodb.net', 27017) server_type: Unknown, rtt: None, error=AutoReconnect('SSL handshake failed: ac-ljbms1h-shard-00-02.xttqjbk.mongodb.net:27017: [SSL: TLSV1_ALERT_INTERNAL_ERROR] tlsv1 alert internal error (_ssl.c:1007) (configured timeouts: socketTimeoutMS: 20000.0ms, connectTimeoutMS: 20000.0ms)')>]>
2025-11-04 11:35:56,289 - serving - ERROR - [app.py:875] - Exception on /__/functions.yaml [GET]
Traceback (most recent call last):
  File "/home/hugo/Documents/survey/survey_api/venv/lib/python3.10/site-packages/flask/app.py", line 1511, in wsgi_app
    response = self.full_dispatch_request()
  File "/home/hugo/Documents/survey/survey_api/venv/lib/python3.10/site-packages/flask/app.py", line 919, in full_dispatch_request
    rv = self.handle_user_exception(e)
  File "/home/hugo/Documents/survey/survey_api/venv/lib/python3.10/site-packages/flask/app.py", line 917, in full_dispatch_request
    rv = self.dispatch_request()
  File "/home/hugo/Documents/survey/survey_api/venv/lib/python3.10/site-packages/flask/app.py", line 902, in dispatch_request
    return self.ensure_sync(self.view_functions[rule.endpoint])(**view_args)  # type: ignore[no-any-return]
  File "/home/hugo/Documents/survey/survey_api/venv/lib/python3.10/site-packages/firebase_functions/private/serving.py", line 122, in get_functions_yaml
    functions = get_functions()
  File "/home/hugo/Documents/survey/survey_api/venv/lib/python3.10/site-packages/firebase_functions/private/serving.py", line 40, in get_functions
    spec.loader.exec_module(module)
  File "<frozen importlib._bootstrap_external>", line 883, in exec_module
  File "<frozen importlib._bootstrap>", line 241, in _call_with_frames_removed
  File "/home/hugo/Documents/survey/survey_api/main.py", line 7, in <module>
    from routers.survey import router as surveys_router
  File "/home/hugo/Documents/survey/survey_api/routers/survey.py", line 9, in <module>
    from config.database_config import db
  File "/home/hugo/Documents/survey/survey_api/config/database_config.py", line 13, in <module>
    client.admin.command('ping')
  File "/home/hugo/Documents/survey/survey_api/venv/lib/python3.10/site-packages/pymongo/_csot.py", line 125, in csot_wrapper
    return func(self, *args, **kwargs)
  File "/home/hugo/Documents/survey/survey_api/venv/lib/python3.10/site-packages/pymongo/synchronous/database.py", line 931, in command
    with self._client._conn_for_reads(read_preference, session, operation=command_name) as (
  File "/home/hugo/Documents/survey/survey_api/venv/lib/python3.10/site-packages/pymongo/synchronous/mongo_client.py", line 1885, in _conn_for_reads
    server = self._select_server(read_preference, session, operation)
  File "/home/hugo/Documents/survey/survey_api/venv/lib/python3.10/site-packages/pymongo/synchronous/mongo_client.py", line 1833, in _select_server
    server = topology.select_server(
  File "/home/hugo/Documents/survey/survey_api/venv/lib/python3.10/site-packages/pymongo/synchronous/topology.py", line 409, in select_server
    server = self._select_server(
  File "/home/hugo/Documents/survey/survey_api/venv/lib/python3.10/site-packages/pymongo/synchronous/topology.py", line 387, in _select_server
    servers = self.select_servers(
  File "/home/hugo/Documents/survey/survey_api/venv/lib/python3.10/site-packages/pymongo/synchronous/topology.py", line 294, in select_servers
    server_descriptions = self._select_servers_loop(
  File "/home/hugo/Documents/survey/survey_api/venv/lib/python3.10/site-packages/pymongo/synchronous/topology.py", line 344, in _select_servers_loop
    raise ServerSelectionTimeoutError(
pymongo.errors.ServerSelectionTimeoutError: SSL handshake failed: ac-ljbms1h-shard-00-02.xttqjbk.mongodb.net:27017: [SSL: TLSV1_ALERT_INTERNAL_ERROR] tlsv1 alert internal error (_ssl.c:1007) (configured timeouts: socketTimeoutMS: 20000.0ms, connectTimeoutMS: 20000.0ms),SSL handshake failed: ac-ljbms1h-shard-00-01.xttqjbk.mongodb.net:27017: [SSL: TLSV1_ALERT_INTERNAL_ERROR] tlsv1 alert internal error (_ssl.c:1007) (configured timeouts: socketTimeoutMS: 20000.0ms, connectTimeoutMS: 20000.0ms),SSL handshake failed: ac-ljbms1h-shard-00-00.xttqjbk.mongodb.net:27017: [SSL: TLSV1_ALERT_INTERNAL_ERROR] tlsv1 alert internal error (_ssl.c:1007) (configured timeouts: socketTimeoutMS: 20000.0ms, connectTimeoutMS: 20000.0ms), Timeout: 5.0s, Topology Description: <TopologyDescription id: 690a0f468fe146b899fbfb15, topology_type: ReplicaSetNoPrimary, servers: [<ServerDescription ('ac-ljbms1h-shard-00-00.xttqjbk.mongodb.net', 27017) server_type: Unknown, rtt: None, error=AutoReconnect('SSL handshake failed: ac-ljbms1h-shard-00-00.xttqjbk.mongodb.net:27017: [SSL: TLSV1_ALERT_INTERNAL_ERROR] tlsv1 alert internal error (_ssl.c:1007) (configured timeouts: socketTimeoutMS: 20000.0ms, connectTimeoutMS: 20000.0ms)')>, <ServerDescription ('ac-ljbms1h-shard-00-01.xttqjbk.mongodb.net', 27017) server_type: Unknown, rtt: None, error=AutoReconnect('SSL handshake failed: ac-ljbms1h-shard-00-01.xttqjbk.mongodb.net:27017: [SSL: TLSV1_ALERT_INTERNAL_ERROR] tlsv1 alert internal error (_ssl.c:1007) (configured timeouts: socketTimeoutMS: 20000.0ms, connectTimeoutMS: 20000.0ms)')>, <ServerDescription ('ac-ljbms1h-shard-00-02.xttqjbk.mongodb.net', 27017) server_type: Unknown, rtt: None, error=AutoReconnect('SSL handshake failed: ac-ljbms1h-shard-00-02.xttqjbk.mongodb.net:27017: [SSL: TLSV1_ALERT_INTERNAL_ERROR] tlsv1 alert internal error (_ssl.c:1007) (configured timeouts: socketTimeoutMS: 20000.0ms, connectTimeoutMS: 20000.0ms)')>]>
2025-11-04 11:35:56,292 - werkzeug - INFO - [_internal.py:97] - 127.0.0.1 - - [04/Nov/2025 11:35:56] "[35m[1mGET /__/functions.yaml HTTP/1.1[0m" 500 -
2025-11-04 11:35:56,296 - werkzeug - INFO - [_internal.py:97] - 127.0.0.1 - - [04/Nov/2025 11:35:56] "GET /__/quitquitquit HTTP/1.1" 200 -
2025-11-04 11:39:38,020 - survey_app - INFO - [database_config.py:8] - Attempting to connect to MongoDB at: lapan.xttqjbk.mongodb.net/?retryWrites=true&w=majority&appName=Lapan&tls=true&tlsAllowInvalidCertificates=true
2025-11-04 11:39:39,184 - survey_app - INFO - [database_config.py:14] - Successfully connected to MongoDB at: lapan.xttqjbk.mongodb.net/?retryWrites=true&w=majority&appName=Lapan&tls=true&tlsAllowInvalidCertificates=true
2025-11-04 11:39:39,184 - survey_app - INFO - [database_config.py:17] - Database 'survey_db' selected successfully
2025-11-04 11:39:39,204 - serving - ERROR - [app.py:875] - Exception on /__/functions.yaml [GET]
Traceback (most recent call last):
  File "/home/hugo/Documents/survey/survey_api/venv/lib/python3.10/site-packages/flask/app.py", line 1511, in wsgi_app
    response = self.full_dispatch_request()
  File "/home/hugo/Documents/survey/survey_api/venv/lib/python3.10/site-packages/flask/app.py", line 919, in full_dispatch_request
    rv = self.handle_user_exception(e)
  File "/home/hugo/Documents/survey/survey_api/venv/lib/python3.10/site-packages/flask/app.py", line 917, in full_dispatch_request
    rv = self.dispatch_request()
  File "/home/hugo/Documents/survey/survey_api/venv/lib/python3.10/site-packages/flask/app.py", line 902, in dispatch_request
    return self.ensure_sync(self.view_functions[rule.endpoint])(**view_args)  # type: ignore[no-any-return]
  File "/home/hugo/Documents/survey/survey_api/venv/lib/python3.10/site-packages/firebase_functions/private/serving.py", line 122, in get_functions_yaml
    functions = get_functions()
  File "/home/hugo/Documents/survey/survey_api/venv/lib/python3.10/site-packages/firebase_functions/private/serving.py", line 40, in get_functions
    spec.loader.exec_module(module)
  File "<frozen importlib._bootstrap_external>", line 883, in exec_module
  File "<frozen importlib._bootstrap>", line 241, in _call_with_frames_removed
  File "/home/hugo/Documents/survey/survey_api/main.py", line 8, in <module>
    from routers.survey_responses import router as survey_results_router
  File "/home/hugo/Documents/survey/survey_api/routers/survey_responses.py", line 14, in <module>
    from services.email_service import send_survey_response_email
  File "/home/hugo/Documents/survey/survey_api/services/email_service.py", line 49
    body=f"New survey response received:
         ^
SyntaxError: unterminated string literal (detected at line 49)
2025-11-04 11:39:39,206 - werkzeug - INFO - [_internal.py:97] - 127.0.0.1 - - [04/Nov/2025 11:39:39] "[35m[1mGET /__/functions.yaml HTTP/1.1[0m" 500 -
2025-11-04 11:39:39,210 - werkzeug - INFO - [_internal.py:97] - 127.0.0.1 - - [04/Nov/2025 11:39:39] "GET /__/quitquitquit HTTP/1.1" 200 -
2025-11-04 11:41:17,789 - survey_app - INFO - [database_config.py:8] - Attempting to connect to MongoDB at: lapan.xttqjbk.mongodb.net/?retryWrites=true&w=majority&appName=Lapan&tls=true&tlsAllowInvalidCertificates=true
2025-11-04 11:41:18,824 - survey_app - INFO - [database_config.py:14] - Successfully connected to MongoDB at: lapan.xttqjbk.mongodb.net/?retryWrites=true&w=majority&appName=Lapan&tls=true&tlsAllowInvalidCertificates=true
2025-11-04 11:41:18,824 - survey_app - INFO - [database_config.py:17] - Database 'survey_db' selected successfully
2025-11-04 11:41:18,904 - survey_app - INFO - [email_config.py:7] - --- Creating Email Connection Config ---
2025-11-04 11:41:18,936 - survey_app - INFO - [email_config.py:19] - Email connection config created for server: smtp.gmail.com, port: 587
2025-11-04 11:41:18,936 - survey_app - INFO - [email_config.py:20] - --- Email Connection Config Created ---
2025-11-04 11:41:18,936 - survey_app - INFO - [email_config.py:23] - FastMail instance created
2025-11-04 11:41:18,941 - survey_app - INFO - [main.py:20] - Starting Survey Application API
2025-11-04 11:41:18,941 - survey_app - INFO - [main.py:29] - CORS middleware configured with permissive defaults
2025-11-04 11:41:18,946 - survey_app - INFO - [main.py:34] - API routers registered successfully
2025-11-04 11:41:18,947 - werkzeug - INFO - [_internal.py:97] - 127.0.0.1 - - [04/Nov/2025 11:41:18] "GET /__/functions.yaml HTTP/1.1" 200 -
2025-11-04 11:41:18,960 - werkzeug - INFO - [_internal.py:97] - 127.0.0.1 - - [04/Nov/2025 11:41:18] "GET /__/quitquitquit HTTP/1.1" 200 -
2025-11-04 14:50:57,905 - survey_app - INFO - [database_config.py:8] - Attempting to connect to MongoDB at: lapan.xttqjbk.mongodb.net/?retryWrites=true&w=majority&appName=Lapan&tls=true&tlsAllowInvalidCertificates=true
2025-11-04 14:50:59,472 - survey_app - INFO - [database_config.py:14] - Successfully connected to MongoDB at: lapan.xttqjbk.mongodb.net/?retryWrites=true&w=majority&appName=Lapan&tls=true&tlsAllowInvalidCertificates=true
2025-11-04 14:50:59,472 - survey_app - INFO - [database_config.py:17] - Database 'survey_db' selected successfully
2025-11-04 14:50:59,537 - survey_app - INFO - [email_config.py:7] - --- Creating Email Connection Config ---
2025-11-04 14:50:59,568 - survey_app - INFO - [email_config.py:19] - Email connection config created for server: smtp.gmail.com, port: 587
2025-11-04 14:50:59,568 - survey_app - INFO - [email_config.py:20] - --- Email Connection Config Created ---
2025-11-04 14:50:59,569 - survey_app - INFO - [email_config.py:23] - FastMail instance created
2025-11-04 14:50:59,573 - survey_app - INFO - [main.py:20] - Starting Survey Application API
2025-11-04 14:50:59,574 - survey_app - INFO - [main.py:29] - CORS middleware configured with permissive defaults
2025-11-04 14:50:59,580 - survey_app - INFO - [main.py:34] - API routers registered successfully
2025-11-04 14:50:59,582 - werkzeug - INFO - [_internal.py:97] - 127.0.0.1 - - [04/Nov/2025 14:50:59] "GET /__/functions.yaml HTTP/1.1" 200 -
2025-11-04 14:50:59,595 - werkzeug - INFO - [_internal.py:97] - 127.0.0.1 - - [04/Nov/2025 14:50:59] "GET /__/quitquitquit HTTP/1.1" 200 -
2025-11-04 12:22:38,769 - survey_app - INFO - [database_config.py:8] - Attempting to connect to MongoDB at: lapan.xttqjbk.mongodb.net/?retryWrites=true&w=majority&appName=Lapan&tls=true&tlsAllowInvalidCertificates=true
2025-11-04 12:22:40,212 - survey_app - INFO - [database_config.py:14] - Successfully connected to MongoDB at: lapan.xttqjbk.mongodb.net/?retryWrites=true&w=majority&appName=Lapan&tls=true&tlsAllowInvalidCertificates=true
2025-11-04 12:22:40,213 - survey_app - INFO - [database_config.py:17] - Database 'survey_db' selected successfully
2025-11-04 12:22:40,270 - survey_app - INFO - [email_config.py:7] - --- Creating Email Connection Config ---
2025-11-04 12:22:40,301 - survey_app - INFO - [email_config.py:19] - Email connection config created for server: smtp.gmail.com, port: 587
2025-11-04 12:22:40,301 - survey_app - INFO - [email_config.py:20] - --- Email Connection Config Created ---
2025-11-04 12:22:40,301 - survey_app - INFO - [email_config.py:23] - FastMail instance created
2025-11-04 12:22:40,304 - survey_app - INFO - [main.py:20] - Starting Survey Application API
2025-11-04 12:22:40,305 - survey_app - INFO - [main.py:29] - CORS middleware configured with permissive defaults
2025-11-04 12:22:40,310 - survey_app - INFO - [main.py:34] - API routers registered successfully
2025-11-04 12:22:40,311 - werkzeug - INFO - [_internal.py:97] - 127.0.0.1 - - [04/Nov/2025 12:22:40] "GET /__/functions.yaml HTTP/1.1" 200 -
2025-11-04 12:22:40,324 - werkzeug - INFO - [_internal.py:97] - 127.0.0.1 - - [04/Nov/2025 12:22:40] "GET /__/quitquitquit HTTP/1.1" 200 -
2025-11-04 12:28:33,903 - survey_app - INFO - [database_config.py:8] - Attempting to connect to MongoDB at: lapan.xttqjbk.mongodb.net/?retryWrites=true&w=majority&appName=Lapan&tls=true&tlsAllowInvalidCertificates=true
2025-11-04 12:28:35,078 - survey_app - INFO - [database_config.py:14] - Successfully connected to MongoDB at: lapan.xttqjbk.mongodb.net/?retryWrites=true&w=majority&appName=Lapan&tls=true&tlsAllowInvalidCertificates=true
2025-11-04 12:28:35,078 - survey_app - INFO - [database_config.py:17] - Database 'survey_db' selected successfully
2025-11-04 12:28:35,120 - survey_app - INFO - [email_config.py:7] - --- Creating Email Connection Config ---
2025-11-04 12:28:35,168 - survey_app - INFO - [email_config.py:19] - Email connection config created for server: smtp.gmail.com, port: 587
2025-11-04 12:28:35,168 - survey_app - INFO - [email_config.py:20] - --- Email Connection Config Created ---
2025-11-04 12:28:35,171 - survey_app - INFO - [email_config.py:23] - FastMail instance created
2025-11-04 12:28:35,179 - survey_app - INFO - [main.py:20] - Starting Survey Application API
2025-11-04 12:28:35,179 - survey_app - INFO - [main.py:29] - CORS middleware configured with permissive defaults
2025-11-04 12:28:35,188 - survey_app - INFO - [main.py:34] - API routers registered successfully
2025-11-04 12:28:35,190 - werkzeug - INFO - [_internal.py:97] - 127.0.0.1 - - [04/Nov/2025 12:28:35] "GET /__/functions.yaml HTTP/1.1" 200 -
2025-11-04 12:28:35,204 - werkzeug - INFO - [_internal.py:97] - 127.0.0.1 - - [04/Nov/2025 12:28:35] "GET /__/quitquitquit HTTP/1.1" 200 -
2025-11-04 15:29:40,299 - survey_app - INFO - [database_config.py:8] - Attempting to connect to MongoDB at: lapan.xttqjbk.mongodb.net/?retryWrites=true&w=majority&appName=Lapan&tls=true&tlsAllowInvalidCertificates=true
2025-11-04 15:29:40,991 - survey_app - INFO - [database_config.py:14] - Successfully connected to MongoDB at: lapan.xttqjbk.mongodb.net/?retryWrites=true&w=majority&appName=Lapan&tls=true&tlsAllowInvalidCertificates=true
2025-11-04 15:29:40,991 - survey_app - INFO - [database_config.py:17] - Database 'survey_db' selected successfully
2025-11-04 15:29:41,029 - survey_app - INFO - [email_config.py:7] - --- Creating Email Connection Config ---
2025-11-04 15:29:41,068 - survey_app - INFO - [email_config.py:19] - Email connection config created for server: smtp.gmail.com, port: 587
2025-11-04 15:29:41,068 - survey_app - INFO - [email_config.py:20] - --- Email Connection Config Created ---
2025-11-04 15:29:41,068 - survey_app - INFO - [email_config.py:23] - FastMail instance created
2025-11-04 15:29:41,074 - survey_app - INFO - [app.py:20] - Starting Survey Application API
2025-11-04 15:29:41,074 - survey_app - INFO - [app.py:29] - CORS middleware configured with permissive defaults
2025-11-04 15:29:41,082 - survey_app - INFO - [app.py:34] - API routers registered successfully
2025-11-04 15:29:41,086 - werkzeug - INFO - [_internal.py:97] - 127.0.0.1 - - [04/Nov/2025 15:29:41] "GET /__/functions.yaml HTTP/1.1" 200 -
2025-11-04 15:29:41,094 - werkzeug - INFO - [_internal.py:97] - 127.0.0.1 - - [04/Nov/2025 15:29:41] "GET /__/quitquitquit HTTP/1.1" 200 -
2025-11-04 15:29:41,837 - survey_app - INFO - [database_config.py:8] - Attempting to connect to MongoDB at: lapan.xttqjbk.mongodb.net/?retryWrites=true&w=majority&appName=Lapan&tls=true&tlsAllowInvalidCertificates=true
2025-11-04 15:29:42,310 - survey_app - INFO - [database_config.py:14] - Successfully connected to MongoDB at: lapan.xttqjbk.mongodb.net/?retryWrites=true&w=majority&appName=Lapan&tls=true&tlsAllowInvalidCertificates=true
2025-11-04 15:29:42,311 - survey_app - INFO - [database_config.py:17] - Database 'survey_db' selected successfully
2025-11-04 15:29:42,366 - survey_app - INFO - [email_config.py:7] - --- Creating Email Connection Config ---
2025-11-04 15:29:42,404 - survey_app - INFO - [email_config.py:19] - Email connection config created for server: smtp.gmail.com, port: 587
2025-11-04 15:29:42,404 - survey_app - INFO - [email_config.py:20] - --- Email Connection Config Created ---
2025-11-04 15:29:42,404 - survey_app - INFO - [email_config.py:23] - FastMail instance created
2025-11-04 15:29:42,411 - survey_app - INFO - [app.py:20] - Starting Survey Application API
2025-11-04 15:29:42,411 - survey_app - INFO - [app.py:29] - CORS middleware configured with permissive defaults
2025-11-04 15:29:42,418 - survey_app - INFO - [app.py:34] - API routers registered successfully
2025-11-04 15:29:42,420 - werkzeug - INFO - [_internal.py:97] - 127.0.0.1 - - [04/Nov/2025 15:29:42] "GET /__/functions.yaml HTTP/1.1" 200 -
2025-11-04 15:29:42,426 - werkzeug - INFO - [_internal.py:97] - 127.0.0.1 - - [04/Nov/2025 15:29:42] "GET /__/quitquitquit HTTP/1.1" 200 -
2025-11-04 12:31:07,846 - survey_app - INFO - [database_config.py:8] - Attempting to connect to MongoDB at: lapan.xttqjbk.mongodb.net/?retryWrites=true&w=majority&appName=Lapan&tls=true&tlsAllowInvalidCertificates=true
2025-11-04 12:31:08,956 - survey_app - INFO - [database_config.py:14] - Successfully connected to MongoDB at: lapan.xttqjbk.mongodb.net/?retryWrites=true&w=majority&appName=Lapan&tls=true&tlsAllowInvalidCertificates=true
2025-11-04 12:31:08,957 - survey_app - INFO - [database_config.py:17] - Database 'survey_db' selected successfully
2025-11-04 12:31:09,014 - survey_app - INFO - [email_config.py:7] - --- Creating Email Connection Config ---
2025-11-04 12:31:09,059 - survey_app - INFO - [email_config.py:19] - Email connection config created for server: smtp.gmail.com, port: 587
2025-11-04 12:31:09,060 - survey_app - INFO - [email_config.py:20] - --- Email Connection Config Created ---
2025-11-04 12:31:09,060 - survey_app - INFO - [email_config.py:23] - FastMail instance created
2025-11-04 12:31:09,068 - survey_app - INFO - [app.py:20] - Starting Survey Application API
2025-11-04 12:31:09,068 - survey_app - INFO - [app.py:29] - CORS middleware configured with permissive defaults
2025-11-04 12:31:09,078 - survey_app - INFO - [app.py:34] - API routers registered successfully
2025-11-04 12:31:09,082 - werkzeug - INFO - [_internal.py:97] - 127.0.0.1 - - [04/Nov/2025 12:31:09] "GET /__/functions.yaml HTTP/1.1" 200 -
2025-11-04 12:31:09,100 - werkzeug - INFO - [_internal.py:97] - 127.0.0.1 - - [04/Nov/2025 12:31:09] "GET /__/quitquitquit HTTP/1.1" 200 -
2025-11-04 18:31:52,018 - survey_app - INFO - [database_config.py:8] - Attempting to connect to MongoDB at: lapan.xttqjbk.mongodb.net/?retryWrites=true&w=majority&appName=Lapan&tls=true&tlsAllowInvalidCertificates=true
2025-11-04 18:31:53,170 - survey_app - INFO - [database_config.py:14] - Successfully connected to MongoDB at: lapan.xttqjbk.mongodb.net/?retryWrites=true&w=majority&appName=Lapan&tls=true&tlsAllowInvalidCertificates=true
2025-11-04 18:31:53,170 - survey_app - INFO - [database_config.py:17] - Database 'survey_db' selected successfully
2025-11-04 18:31:53,261 - survey_app - INFO - [email_config.py:7] - --- Creating Email Connection Config ---
2025-11-04 18:31:53,311 - survey_app - INFO - [email_config.py:19] - Email connection config created for server: smtp.gmail.com, port: 587
2025-11-04 18:31:53,312 - survey_app - INFO - [email_config.py:20] - --- Email Connection Config Created ---
2025-11-04 18:31:53,312 - survey_app - INFO - [email_config.py:23] - FastMail instance created
2025-11-04 18:31:53,319 - survey_app - INFO - [app.py:20] - Starting Survey Application API
2025-11-04 18:31:53,319 - survey_app - INFO - [app.py:29] - CORS middleware configured with permissive defaults
2025-11-04 18:31:53,330 - survey_app - INFO - [app.py:34] - API routers registered successfully
2025-11-04 18:31:53,335 - werkzeug - INFO - [_internal.py:97] - 127.0.0.1 - - [04/Nov/2025 18:31:53] "GET /__/functions.yaml HTTP/1.1" 200 -
2025-11-04 18:31:53,369 - werkzeug - INFO - [_internal.py:97] - 127.0.0.1 - - [04/Nov/2025 18:31:53] "GET /__/quitquitquit HTTP/1.1" 200 -
2025-11-04 18:32:46,575 - survey_app - INFO - [database_config.py:8] - Attempting to connect to MongoDB at: lapan.xttqjbk.mongodb.net/?retryWrites=true&w=majority&appName=Lapan&tls=true&tlsAllowInvalidCertificates=true
2025-11-04 18:32:48,153 - survey_app - INFO - [database_config.py:14] - Successfully connected to MongoDB at: lapan.xttqjbk.mongodb.net/?retryWrites=true&w=majority&appName=Lapan&tls=true&tlsAllowInvalidCertificates=true
2025-11-04 18:32:48,154 - survey_app - INFO - [database_config.py:17] - Database 'survey_db' selected successfully
2025-11-04 18:32:48,232 - survey_app - INFO - [email_config.py:7] - --- Creating Email Connection Config ---
2025-11-04 18:32:48,244 - survey_app - INFO - [email_config.py:19] - Email connection config created for server: smtp.gmail.com, port: 587
2025-11-04 18:32:48,244 - survey_app - INFO - [email_config.py:20] - --- Email Connection Config Created ---
2025-11-04 18:32:48,244 - survey_app - INFO - [email_config.py:23] - FastMail instance created
2025-11-04 18:32:48,254 - survey_app - INFO - [app.py:20] - Starting Survey Application API
2025-11-04 18:32:48,254 - survey_app - INFO - [app.py:29] - CORS middleware configured with permissive defaults
2025-11-04 18:32:48,277 - survey_app - INFO - [app.py:34] - API routers registered successfully
2025-11-04 18:32:48,360 - werkzeug - INFO - [_internal.py:97] - [31m[1mWARNING: This is a development server. Do not use it in a production deployment. Use a production WSGI server instead.[0m
 * Running on http://127.0.0.1:8431
2025-11-04 18:32:48,360 - werkzeug - INFO - [_internal.py:97] - [33mPress CTRL+C to quit[0m
2025-11-04 18:32:48,378 - werkzeug - INFO - [_internal.py:97] -  * Restarting with watchdog (inotify)
2025-11-04 18:32:49,513 - survey_app - INFO - [database_config.py:8] - Attempting to connect to MongoDB at: lapan.xttqjbk.mongodb.net/?retryWrites=true&w=majority&appName=Lapan&tls=true&tlsAllowInvalidCertificates=true
2025-11-04 18:32:50,291 - survey_app - INFO - [database_config.py:14] - Successfully connected to MongoDB at: lapan.xttqjbk.mongodb.net/?retryWrites=true&w=majority&appName=Lapan&tls=true&tlsAllowInvalidCertificates=true
2025-11-04 18:32:50,291 - survey_app - INFO - [database_config.py:17] - Database 'survey_db' selected successfully
2025-11-04 18:32:50,376 - survey_app - INFO - [email_config.py:7] - --- Creating Email Connection Config ---
2025-11-04 18:32:50,392 - survey_app - INFO - [email_config.py:19] - Email connection config created for server: smtp.gmail.com, port: 587
2025-11-04 18:32:50,392 - survey_app - INFO - [email_config.py:20] - --- Email Connection Config Created ---
2025-11-04 18:32:50,392 - survey_app - INFO - [email_config.py:23] - FastMail instance created
2025-11-04 18:32:50,406 - survey_app - INFO - [app.py:20] - Starting Survey Application API
2025-11-04 18:32:50,406 - survey_app - INFO - [app.py:29] - CORS middleware configured with permissive defaults
2025-11-04 18:32:50,422 - survey_app - INFO - [app.py:34] - API routers registered successfully
2025-11-04 18:32:50,478 - werkzeug - WARNING - [_internal.py:97] -  * Debugger is active!
2025-11-04 18:32:50,571 - werkzeug - INFO - [_internal.py:97] -  * Debugger PIN: 325-349-178
2025-11-04 18:32:50,728 - werkzeug - INFO - [_internal.py:97] - 127.0.0.1 - - [04/Nov/2025 18:32:50] "[35m[1mGET /__/health HTTP/1.1[0m" 500 -
2025-11-04 18:32:50,763 - werkzeug - INFO - [_internal.py:97] - 127.0.0.1 - - [04/Nov/2025 18:32:50] "[35m[1mGET / HTTP/1.1[0m" 500 -
2025-11-04 18:32:50,926 - werkzeug - INFO - [_internal.py:97] - 127.0.0.1 - - [04/Nov/2025 18:32:50] "GET /?__debugger__=yes&cmd=resource&f=style.css HTTP/1.1" 200 -
2025-11-04 18:32:51,975 - survey_app - INFO - [database_config.py:8] - Attempting to connect to MongoDB at: lapan.xttqjbk.mongodb.net/?retryWrites=true&w=majority&appName=Lapan&tls=true&tlsAllowInvalidCertificates=true
2025-11-04 18:32:52,713 - survey_app - INFO - [database_config.py:14] - Successfully connected to MongoDB at: lapan.xttqjbk.mongodb.net/?retryWrites=true&w=majority&appName=Lapan&tls=true&tlsAllowInvalidCertificates=true
2025-11-04 18:32:52,713 - survey_app - INFO - [database_config.py:17] - Database 'survey_db' selected successfully
2025-11-04 18:32:52,804 - survey_app - INFO - [email_config.py:7] - --- Creating Email Connection Config ---
2025-11-04 18:32:52,817 - survey_app - INFO - [email_config.py:19] - Email connection config created for server: smtp.gmail.com, port: 587
2025-11-04 18:32:52,817 - survey_app - INFO - [email_config.py:20] - --- Email Connection Config Created ---
2025-11-04 18:32:52,817 - survey_app - INFO - [email_config.py:23] - FastMail instance created
2025-11-04 18:32:52,827 - survey_app - INFO - [app.py:20] - Starting Survey Application API
2025-11-04 18:32:52,827 - survey_app - INFO - [app.py:29] - CORS middleware configured with permissive defaults
2025-11-04 18:32:52,841 - survey_app - INFO - [app.py:34] - API routers registered successfully
2025-11-04 18:32:52,906 - werkzeug - INFO - [_internal.py:97] - [31m[1mWARNING: This is a development server. Do not use it in a production deployment. Use a production WSGI server instead.[0m
 * Running on http://127.0.0.1:8813
2025-11-04 18:32:52,906 - werkzeug - INFO - [_internal.py:97] - [33mPress CTRL+C to quit[0m
2025-11-04 18:32:52,923 - werkzeug - INFO - [_internal.py:97] -  * Restarting with watchdog (inotify)
2025-11-04 18:32:54,109 - survey_app - INFO - [database_config.py:8] - Attempting to connect to MongoDB at: lapan.xttqjbk.mongodb.net/?retryWrites=true&w=majority&appName=Lapan&tls=true&tlsAllowInvalidCertificates=true
2025-11-04 18:32:54,912 - survey_app - INFO - [database_config.py:14] - Successfully connected to MongoDB at: lapan.xttqjbk.mongodb.net/?retryWrites=true&w=majority&appName=Lapan&tls=true&tlsAllowInvalidCertificates=true
2025-11-04 18:32:54,912 - survey_app - INFO - [database_config.py:17] - Database 'survey_db' selected successfully
2025-11-04 18:32:54,995 - survey_app - INFO - [email_config.py:7] - --- Creating Email Connection Config ---
2025-11-04 18:32:55,007 - survey_app - INFO - [email_config.py:19] - Email connection config created for server: smtp.gmail.com, port: 587
2025-11-04 18:32:55,008 - survey_app - INFO - [email_config.py:20] - --- Email Connection Config Created ---
2025-11-04 18:32:55,008 - survey_app - INFO - [email_config.py:23] - FastMail instance created
2025-11-04 18:32:55,017 - survey_app - INFO - [app.py:20] - Starting Survey Application API
2025-11-04 18:32:55,017 - survey_app - INFO - [app.py:29] - CORS middleware configured with permissive defaults
2025-11-04 18:32:55,039 - survey_app - INFO - [app.py:34] - API routers registered successfully
2025-11-04 18:32:55,126 - werkzeug - WARNING - [_internal.py:97] -  * Debugger is active!
2025-11-04 18:32:55,129 - werkzeug - INFO - [_internal.py:97] -  * Debugger PIN: 325-349-178
2025-11-04 18:32:55,343 - werkzeug - INFO - [_internal.py:97] - 127.0.0.1 - - [04/Nov/2025 18:32:55] "[35m[1mGET /__/health HTTP/1.1[0m" 500 -
2025-11-04 18:32:55,371 - werkzeug - INFO - [_internal.py:97] - 127.0.0.1 - - [04/Nov/2025 18:32:55] "GET /?__debugger__=yes&cmd=resource&f=debugger.js HTTP/1.1" 200 -
2025-11-04 18:32:55,485 - werkzeug - INFO - [_internal.py:97] - 127.0.0.1 - - [04/Nov/2025 18:32:55] "GET /?__debugger__=yes&cmd=resource&f=console.png&s=DNCDQ4JpUv1GMMLHSnhp HTTP/1.1" 200 -
2025-11-04 18:32:55,531 - werkzeug - INFO - [_internal.py:97] - 127.0.0.1 - - [04/Nov/2025 18:32:55] "GET /?__debugger__=yes&cmd=resource&f=console.png HTTP/1.1" 200 -
2025-11-04 18:33:07,284 - werkzeug - INFO - [_internal.py:97] - 127.0.0.1 - - [04/Nov/2025 18:33:07] "[35m[1mOPTIONS /api/v1/surveys/ HTTP/1.1[0m" 500 -
2025-11-04 18:33:27,105 - werkzeug - INFO - [_internal.py:97] - 127.0.0.1 - - [04/Nov/2025 18:33:27] "[35m[1mOPTIONS /api/v1/surveys/ HTTP/1.1[0m" 500 -
2025-11-04 18:35:58,728 - werkzeug - INFO - [_internal.py:97] - 127.0.0.1 - - [04/Nov/2025 18:35:58] "[35m[1mOPTIONS /api/v1/surveys/ HTTP/1.1[0m" 500 -
2025-11-04 18:43:19,862 - survey_app - INFO - [database_config.py:8] - Attempting to connect to MongoDB at: lapan.xttqjbk.mongodb.net/?retryWrites=true&w=majority&appName=Lapan&tls=true&tlsAllowInvalidCertificates=true
2025-11-04 18:43:20,980 - survey_app - INFO - [database_config.py:14] - Successfully connected to MongoDB at: lapan.xttqjbk.mongodb.net/?retryWrites=true&w=majority&appName=Lapan&tls=true&tlsAllowInvalidCertificates=true
2025-11-04 18:43:20,980 - survey_app - INFO - [database_config.py:17] - Database 'survey_db' selected successfully
2025-11-04 18:43:21,084 - survey_app - INFO - [email_config.py:7] - --- Creating Email Connection Config ---
2025-11-04 18:43:21,138 - survey_app - INFO - [email_config.py:19] - Email connection config created for server: smtp.gmail.com, port: 587
2025-11-04 18:43:21,139 - survey_app - INFO - [email_config.py:20] - --- Email Connection Config Created ---
2025-11-04 18:43:21,139 - survey_app - INFO - [email_config.py:23] - FastMail instance created
2025-11-04 18:43:21,148 - survey_app - INFO - [app.py:20] - Starting Survey Application API
2025-11-04 18:43:21,148 - survey_app - INFO - [app.py:29] - CORS middleware configured with permissive defaults
2025-11-04 18:43:21,161 - survey_app - INFO - [app.py:34] - API routers registered successfully
2025-11-04 18:43:21,168 - werkzeug - INFO - [_internal.py:97] - 127.0.0.1 - - [04/Nov/2025 18:43:21] "GET /__/functions.yaml HTTP/1.1" 200 -
2025-11-04 18:43:21,178 - werkzeug - INFO - [_internal.py:97] - 127.0.0.1 - - [04/Nov/2025 18:43:21] "GET /__/quitquitquit HTTP/1.1" 200 -
2025-11-04 18:46:02,154 - werkzeug - INFO - [_internal.py:97] -  * Detected change in '/home/hugo/Documents/survey/survey_api/main.py', reloading
2025-11-04 18:46:02,154 - werkzeug - INFO - [_internal.py:97] -  * Detected change in '/home/hugo/Documents/survey/survey_api/main.py', reloading
2025-11-04 18:46:02,155 - werkzeug - INFO - [_internal.py:97] -  * Detected change in '/home/hugo/Documents/survey/survey_api/main.py', reloading
2025-11-04 18:46:02,155 - werkzeug - INFO - [_internal.py:97] -  * Detected change in '/home/hugo/Documents/survey/survey_api/main.py', reloading
2025-11-04 18:46:02,156 - werkzeug - INFO - [_internal.py:97] -  * Detected change in '/home/hugo/Documents/survey/survey_api/main.py', reloading
2025-11-04 18:46:02,156 - werkzeug - INFO - [_internal.py:97] -  * Detected change in '/home/hugo/Documents/survey/survey_api/main.py', reloading
2025-11-04 18:46:02,905 - werkzeug - INFO - [_internal.py:97] -  * Restarting with watchdog (inotify)
2025-11-04 18:46:03,350 - werkzeug - INFO - [_internal.py:97] -  * Restarting with watchdog (inotify)
2025-11-04 18:46:03,934 - survey_app - INFO - [database_config.py:8] - Attempting to connect to MongoDB at: lapan.xttqjbk.mongodb.net/?retryWrites=true&w=majority&appName=Lapan&tls=true&tlsAllowInvalidCertificates=true
2025-11-04 18:46:04,450 - survey_app - INFO - [database_config.py:8] - Attempting to connect to MongoDB at: lapan.xttqjbk.mongodb.net/?retryWrites=true&w=majority&appName=Lapan&tls=true&tlsAllowInvalidCertificates=true
2025-11-04 18:46:05,249 - survey_app - INFO - [database_config.py:8] - Attempting to connect to MongoDB at: lapan.xttqjbk.mongodb.net/?retryWrites=true&w=majority&appName=Lapan&tls=true&tlsAllowInvalidCertificates=true
2025-11-04 18:46:05,332 - survey_app - INFO - [database_config.py:14] - Successfully connected to MongoDB at: lapan.xttqjbk.mongodb.net/?retryWrites=true&w=majority&appName=Lapan&tls=true&tlsAllowInvalidCertificates=true
2025-11-04 18:46:05,333 - survey_app - INFO - [database_config.py:17] - Database 'survey_db' selected successfully
2025-11-04 18:46:05,340 - survey_app - INFO - [database_config.py:14] - Successfully connected to MongoDB at: lapan.xttqjbk.mongodb.net/?retryWrites=true&w=majority&appName=Lapan&tls=true&tlsAllowInvalidCertificates=true
2025-11-04 18:46:05,341 - survey_app - INFO - [database_config.py:17] - Database 'survey_db' selected successfully
2025-11-04 18:46:05,400 - survey_app - INFO - [email_config.py:7] - --- Creating Email Connection Config ---
2025-11-04 18:46:05,408 - survey_app - INFO - [email_config.py:7] - --- Creating Email Connection Config ---
2025-11-04 18:46:05,416 - survey_app - INFO - [email_config.py:19] - Email connection config created for server: smtp.gmail.com, port: 587
2025-11-04 18:46:05,416 - survey_app - INFO - [email_config.py:20] - --- Email Connection Config Created ---
2025-11-04 18:46:05,416 - survey_app - INFO - [email_config.py:23] - FastMail instance created
2025-11-04 18:46:05,424 - survey_app - INFO - [email_config.py:19] - Email connection config created for server: smtp.gmail.com, port: 587
2025-11-04 18:46:05,424 - survey_app - INFO - [email_config.py:20] - --- Email Connection Config Created ---
2025-11-04 18:46:05,425 - survey_app - INFO - [email_config.py:23] - FastMail instance created
2025-11-04 18:46:05,426 - survey_app - INFO - [app.py:20] - Starting Survey Application API
2025-11-04 18:46:05,426 - survey_app - INFO - [app.py:29] - CORS middleware configured with permissive defaults
2025-11-04 18:46:05,433 - survey_app - INFO - [app.py:20] - Starting Survey Application API
2025-11-04 18:46:05,433 - survey_app - INFO - [app.py:29] - CORS middleware configured with permissive defaults
2025-11-04 18:46:05,438 - survey_app - INFO - [app.py:34] - API routers registered successfully
2025-11-04 18:46:05,444 - survey_app - INFO - [app.py:34] - API routers registered successfully
2025-11-04 18:46:05,502 - werkzeug - WARNING - [_internal.py:97] -  * Debugger is active!
2025-11-04 18:46:05,502 - werkzeug - WARNING - [_internal.py:97] -  * Debugger is active!
2025-11-04 18:46:05,503 - werkzeug - INFO - [_internal.py:97] -  * Debugger PIN: 325-349-178
2025-11-04 18:46:05,503 - werkzeug - INFO - [_internal.py:97] -  * Debugger PIN: 325-349-178
2025-11-04 18:46:05,945 - survey_app - INFO - [database_config.py:14] - Successfully connected to MongoDB at: lapan.xttqjbk.mongodb.net/?retryWrites=true&w=majority&appName=Lapan&tls=true&tlsAllowInvalidCertificates=true
2025-11-04 18:46:05,945 - survey_app - INFO - [database_config.py:17] - Database 'survey_db' selected successfully
2025-11-04 18:46:06,029 - survey_app - INFO - [email_config.py:7] - --- Creating Email Connection Config ---
2025-11-04 18:46:06,074 - survey_app - INFO - [email_config.py:19] - Email connection config created for server: smtp.gmail.com, port: 587
2025-11-04 18:46:06,075 - survey_app - INFO - [email_config.py:20] - --- Email Connection Config Created ---
2025-11-04 18:46:06,075 - survey_app - INFO - [email_config.py:23] - FastMail instance created
2025-11-04 18:46:06,084 - survey_app - INFO - [app.py:20] - Starting Survey Application API
2025-11-04 18:46:06,085 - survey_app - INFO - [app.py:29] - CORS middleware configured with permissive defaults
2025-11-04 18:46:06,103 - survey_app - INFO - [app.py:34] - API routers registered successfully
2025-11-04 18:46:06,104 - serving - ERROR - [app.py:875] - Exception on /__/functions.yaml [GET]
Traceback (most recent call last):
  File "/home/hugo/Documents/survey/survey_api/venv/lib/python3.10/site-packages/flask/app.py", line 1511, in wsgi_app
    response = self.full_dispatch_request()
  File "/home/hugo/Documents/survey/survey_api/venv/lib/python3.10/site-packages/flask/app.py", line 919, in full_dispatch_request
    rv = self.handle_user_exception(e)
  File "/home/hugo/Documents/survey/survey_api/venv/lib/python3.10/site-packages/flask/app.py", line 917, in full_dispatch_request
    rv = self.dispatch_request()
  File "/home/hugo/Documents/survey/survey_api/venv/lib/python3.10/site-packages/flask/app.py", line 902, in dispatch_request
    return self.ensure_sync(self.view_functions[rule.endpoint])(**view_args)  # type: ignore[no-any-return]
  File "/home/hugo/Documents/survey/survey_api/venv/lib/python3.10/site-packages/firebase_functions/private/serving.py", line 122, in get_functions_yaml
    functions = get_functions()
  File "/home/hugo/Documents/survey/survey_api/venv/lib/python3.10/site-packages/firebase_functions/private/serving.py", line 40, in get_functions
    spec.loader.exec_module(module)
  File "<frozen importlib._bootstrap_external>", line 883, in exec_module
  File "<frozen importlib._bootstrap>", line 241, in _call_with_frames_removed
  File "/home/hugo/Documents/survey/survey_api/main.py", line 5, in <module>
    from a2wsgi import ASGIMiddleware
ModuleNotFoundError: No module named 'a2wsgi'
2025-11-04 18:46:06,107 - werkzeug - INFO - [_internal.py:97] - 127.0.0.1 - - [04/Nov/2025 18:46:06] "[35m[1mGET /__/functions.yaml HTTP/1.1[0m" 500 -
2025-11-04 18:46:06,114 - werkzeug - INFO - [_internal.py:97] - 127.0.0.1 - - [04/Nov/2025 18:46:06] "GET /__/quitquitquit HTTP/1.1" 200 -
2025-11-04 18:46:27,980 - survey_app - INFO - [database_config.py:8] - Attempting to connect to MongoDB at: lapan.xttqjbk.mongodb.net/?retryWrites=true&w=majority&appName=Lapan&tls=true&tlsAllowInvalidCertificates=true
2025-11-04 18:46:28,736 - survey_app - INFO - [database_config.py:14] - Successfully connected to MongoDB at: lapan.xttqjbk.mongodb.net/?retryWrites=true&w=majority&appName=Lapan&tls=true&tlsAllowInvalidCertificates=true
2025-11-04 18:46:28,737 - survey_app - INFO - [database_config.py:17] - Database 'survey_db' selected successfully
2025-11-04 18:46:28,826 - survey_app - INFO - [email_config.py:7] - --- Creating Email Connection Config ---
2025-11-04 18:46:28,886 - survey_app - INFO - [email_config.py:19] - Email connection config created for server: smtp.gmail.com, port: 587
2025-11-04 18:46:28,887 - survey_app - INFO - [email_config.py:20] - --- Email Connection Config Created ---
2025-11-04 18:46:28,887 - survey_app - INFO - [email_config.py:23] - FastMail instance created
2025-11-04 18:46:28,905 - survey_app - INFO - [app.py:20] - Starting Survey Application API
2025-11-04 18:46:28,908 - survey_app - INFO - [app.py:29] - CORS middleware configured with permissive defaults
2025-11-04 18:46:28,930 - survey_app - INFO - [app.py:34] - API routers registered successfully
2025-11-04 18:46:28,933 - serving - ERROR - [app.py:875] - Exception on /__/functions.yaml [GET]
Traceback (most recent call last):
  File "/home/hugo/Documents/survey/survey_api/venv/lib/python3.10/site-packages/flask/app.py", line 1511, in wsgi_app
    response = self.full_dispatch_request()
  File "/home/hugo/Documents/survey/survey_api/venv/lib/python3.10/site-packages/flask/app.py", line 919, in full_dispatch_request
    rv = self.handle_user_exception(e)
  File "/home/hugo/Documents/survey/survey_api/venv/lib/python3.10/site-packages/flask/app.py", line 917, in full_dispatch_request
    rv = self.dispatch_request()
  File "/home/hugo/Documents/survey/survey_api/venv/lib/python3.10/site-packages/flask/app.py", line 902, in dispatch_request
    return self.ensure_sync(self.view_functions[rule.endpoint])(**view_args)  # type: ignore[no-any-return]
  File "/home/hugo/Documents/survey/survey_api/venv/lib/python3.10/site-packages/firebase_functions/private/serving.py", line 122, in get_functions_yaml
    functions = get_functions()
  File "/home/hugo/Documents/survey/survey_api/venv/lib/python3.10/site-packages/firebase_functions/private/serving.py", line 40, in get_functions
    spec.loader.exec_module(module)
  File "<frozen importlib._bootstrap_external>", line 883, in exec_module
  File "<frozen importlib._bootstrap>", line 241, in _call_with_frames_removed
  File "/home/hugo/Documents/survey/survey_api/main.py", line 5, in <module>
    from a2wsgi import ASGIMiddleware
ModuleNotFoundError: No module named 'a2wsgi'
2025-11-04 18:46:28,936 - werkzeug - INFO - [_internal.py:97] - 127.0.0.1 - - [04/Nov/2025 18:46:28] "[35m[1mGET /__/functions.yaml HTTP/1.1[0m" 500 -
2025-11-04 18:46:28,942 - werkzeug - INFO - [_internal.py:97] - 127.0.0.1 - - [04/Nov/2025 18:46:28] "GET /__/quitquitquit HTTP/1.1" 200 -
2025-11-04 18:46:35,275 - werkzeug - INFO - [_internal.py:97] -  * Detected change in '/home/hugo/Documents/survey/survey_api/venv/lib/python3.10/site-packages/a2wsgi/asgi_typing.py', reloading
2025-11-04 18:46:35,275 - werkzeug - INFO - [_internal.py:97] -  * Detected change in '/home/hugo/Documents/survey/survey_api/venv/lib/python3.10/site-packages/a2wsgi/asgi_typing.py', reloading
2025-11-04 18:46:35,276 - werkzeug - INFO - [_internal.py:97] -  * Detected change in '/home/hugo/Documents/survey/survey_api/venv/lib/python3.10/site-packages/a2wsgi/asgi.py', reloading
2025-11-04 18:46:35,277 - werkzeug - INFO - [_internal.py:97] -  * Detected change in '/home/hugo/Documents/survey/survey_api/venv/lib/python3.10/site-packages/a2wsgi/asgi.py', reloading
2025-11-04 18:46:35,278 - werkzeug - INFO - [_internal.py:97] -  * Detected change in '/home/hugo/Documents/survey/survey_api/venv/lib/python3.10/site-packages/a2wsgi/__init__.py', reloading
2025-11-04 18:46:35,279 - werkzeug - INFO - [_internal.py:97] -  * Detected change in '/home/hugo/Documents/survey/survey_api/venv/lib/python3.10/site-packages/a2wsgi/__init__.py', reloading
2025-11-04 18:46:35,279 - werkzeug - INFO - [_internal.py:97] -  * Detected change in '/home/hugo/Documents/survey/survey_api/venv/lib/python3.10/site-packages/a2wsgi/wsgi_typing.py', reloading
2025-11-04 18:46:35,279 - werkzeug - INFO - [_internal.py:97] -  * Detected change in '/home/hugo/Documents/survey/survey_api/venv/lib/python3.10/site-packages/a2wsgi/asgi_typing.py', reloading
2025-11-04 18:46:35,280 - werkzeug - INFO - [_internal.py:97] -  * Detected change in '/home/hugo/Documents/survey/survey_api/venv/lib/python3.10/site-packages/a2wsgi/asgi_typing.py', reloading
2025-11-04 18:46:35,281 - werkzeug - INFO - [_internal.py:97] -  * Detected change in '/home/hugo/Documents/survey/survey_api/venv/lib/python3.10/site-packages/a2wsgi/wsgi.py', reloading
2025-11-04 18:46:35,282 - werkzeug - INFO - [_internal.py:97] -  * Detected change in '/home/hugo/Documents/survey/survey_api/venv/lib/python3.10/site-packages/a2wsgi/wsgi.py', reloading
2025-11-04 18:46:35,282 - werkzeug - INFO - [_internal.py:97] -  * Detected change in '/home/hugo/Documents/survey/survey_api/venv/lib/python3.10/site-packages/a2wsgi/wsgi.py', reloading
2025-11-04 18:46:35,285 - werkzeug - INFO - [_internal.py:97] -  * Detected change in '/home/hugo/Documents/survey/survey_api/venv/lib/python3.10/site-packages/a2wsgi/wsgi.py', reloading
2025-11-04 18:46:35,286 - werkzeug - INFO - [_internal.py:97] -  * Detected change in '/home/hugo/Documents/survey/survey_api/venv/lib/python3.10/site-packages/a2wsgi/wsgi_typing.py', reloading
2025-11-04 18:46:35,289 - werkzeug - INFO - [_internal.py:97] -  * Detected change in '/home/hugo/Documents/survey/survey_api/venv/lib/python3.10/site-packages/a2wsgi/wsgi_typing.py', reloading
2025-11-04 18:46:35,289 - werkzeug - INFO - [_internal.py:97] -  * Detected change in '/home/hugo/Documents/survey/survey_api/venv/lib/python3.10/site-packages/a2wsgi/wsgi_typing.py', reloading
2025-11-04 18:46:35,864 - werkzeug - INFO - [_internal.py:97] -  * Restarting with watchdog (inotify)
2025-11-04 18:46:36,847 - werkzeug - INFO - [_internal.py:97] -  * Restarting with watchdog (inotify)
2025-11-04 18:46:36,956 - survey_app - INFO - [database_config.py:8] - Attempting to connect to MongoDB at: lapan.xttqjbk.mongodb.net/?retryWrites=true&w=majority&appName=Lapan&tls=true&tlsAllowInvalidCertificates=true
2025-11-04 18:46:37,563 - survey_app - INFO - [database_config.py:14] - Successfully connected to MongoDB at: lapan.xttqjbk.mongodb.net/?retryWrites=true&w=majority&appName=Lapan&tls=true&tlsAllowInvalidCertificates=true
2025-11-04 18:46:37,564 - survey_app - INFO - [database_config.py:17] - Database 'survey_db' selected successfully
2025-11-04 18:46:37,616 - survey_app - INFO - [email_config.py:7] - --- Creating Email Connection Config ---
2025-11-04 18:46:37,628 - survey_app - INFO - [email_config.py:19] - Email connection config created for server: smtp.gmail.com, port: 587
2025-11-04 18:46:37,628 - survey_app - INFO - [email_config.py:20] - --- Email Connection Config Created ---
2025-11-04 18:46:37,628 - survey_app - INFO - [email_config.py:23] - FastMail instance created
2025-11-04 18:46:37,635 - survey_app - INFO - [app.py:20] - Starting Survey Application API
2025-11-04 18:46:37,635 - survey_app - INFO - [app.py:29] - CORS middleware configured with permissive defaults
2025-11-04 18:46:37,652 - survey_app - INFO - [app.py:34] - API routers registered successfully
2025-11-04 18:46:37,702 - werkzeug - WARNING - [_internal.py:97] -  * Debugger is active!
2025-11-04 18:46:37,703 - werkzeug - INFO - [_internal.py:97] -  * Debugger PIN: 325-349-178
2025-11-04 18:46:37,898 - survey_app - INFO - [database_config.py:8] - Attempting to connect to MongoDB at: lapan.xttqjbk.mongodb.net/?retryWrites=true&w=majority&appName=Lapan&tls=true&tlsAllowInvalidCertificates=true
2025-11-04 18:46:38,549 - survey_app - INFO - [database_config.py:14] - Successfully connected to MongoDB at: lapan.xttqjbk.mongodb.net/?retryWrites=true&w=majority&appName=Lapan&tls=true&tlsAllowInvalidCertificates=true
2025-11-04 18:46:38,550 - survey_app - INFO - [database_config.py:17] - Database 'survey_db' selected successfully
2025-11-04 18:46:38,627 - survey_app - INFO - [email_config.py:7] - --- Creating Email Connection Config ---
2025-11-04 18:46:38,637 - survey_app - INFO - [email_config.py:19] - Email connection config created for server: smtp.gmail.com, port: 587
2025-11-04 18:46:38,638 - survey_app - INFO - [email_config.py:20] - --- Email Connection Config Created ---
2025-11-04 18:46:38,638 - survey_app - INFO - [email_config.py:23] - FastMail instance created
2025-11-04 18:46:38,644 - survey_app - INFO - [app.py:20] - Starting Survey Application API
2025-11-04 18:46:38,644 - survey_app - INFO - [app.py:29] - CORS middleware configured with permissive defaults
2025-11-04 18:46:38,653 - survey_app - INFO - [app.py:34] - API routers registered successfully
2025-11-04 18:46:38,709 - werkzeug - WARNING - [_internal.py:97] -  * Debugger is active!
2025-11-04 18:46:38,710 - werkzeug - INFO - [_internal.py:97] -  * Debugger PIN: 325-349-178
2025-11-04 18:49:12,699 - survey_app - INFO - [database_config.py:8] - Attempting to connect to MongoDB at: lapan.xttqjbk.mongodb.net/?retryWrites=true&w=majority&appName=Lapan&tls=true&tlsAllowInvalidCertificates=true
2025-11-04 18:49:13,903 - survey_app - INFO - [database_config.py:14] - Successfully connected to MongoDB at: lapan.xttqjbk.mongodb.net/?retryWrites=true&w=majority&appName=Lapan&tls=true&tlsAllowInvalidCertificates=true
2025-11-04 18:49:13,904 - survey_app - INFO - [database_config.py:17] - Database 'survey_db' selected successfully
2025-11-04 18:49:13,998 - survey_app - INFO - [email_config.py:7] - --- Creating Email Connection Config ---
2025-11-04 18:49:14,055 - survey_app - INFO - [email_config.py:19] - Email connection config created for server: smtp.gmail.com, port: 587
2025-11-04 18:49:14,055 - survey_app - INFO - [email_config.py:20] - --- Email Connection Config Created ---
2025-11-04 18:49:14,055 - survey_app - INFO - [email_config.py:23] - FastMail instance created
2025-11-04 18:49:14,062 - survey_app - INFO - [app.py:20] - Starting Survey Application API
2025-11-04 18:49:14,063 - survey_app - INFO - [app.py:29] - CORS middleware configured with permissive defaults
2025-11-04 18:49:14,073 - survey_app - INFO - [app.py:34] - API routers registered successfully
2025-11-04 18:49:14,086 - werkzeug - INFO - [_internal.py:97] - 127.0.0.1 - - [04/Nov/2025 18:49:14] "GET /__/functions.yaml HTTP/1.1" 200 -
2025-11-04 18:49:14,117 - werkzeug - INFO - [_internal.py:97] - 127.0.0.1 - - [04/Nov/2025 18:49:14] "GET /__/quitquitquit HTTP/1.1" 200 -
2025-11-04 18:49:53,128 - survey_app - INFO - [database_config.py:8] - Attempting to connect to MongoDB at: lapan.xttqjbk.mongodb.net/?retryWrites=true&w=majority&appName=Lapan&tls=true&tlsAllowInvalidCertificates=true
2025-11-04 18:49:53,852 - survey_app - INFO - [database_config.py:14] - Successfully connected to MongoDB at: lapan.xttqjbk.mongodb.net/?retryWrites=true&w=majority&appName=Lapan&tls=true&tlsAllowInvalidCertificates=true
2025-11-04 18:49:53,852 - survey_app - INFO - [database_config.py:17] - Database 'survey_db' selected successfully
2025-11-04 18:49:53,956 - survey_app - INFO - [email_config.py:7] - --- Creating Email Connection Config ---
2025-11-04 18:49:53,974 - survey_app - INFO - [email_config.py:19] - Email connection config created for server: smtp.gmail.com, port: 587
2025-11-04 18:49:53,974 - survey_app - INFO - [email_config.py:20] - --- Email Connection Config Created ---
2025-11-04 18:49:53,975 - survey_app - INFO - [email_config.py:23] - FastMail instance created
2025-11-04 18:49:53,988 - survey_app - INFO - [app.py:20] - Starting Survey Application API
2025-11-04 18:49:53,990 - survey_app - INFO - [app.py:29] - CORS middleware configured with permissive defaults
2025-11-04 18:49:54,008 - survey_app - INFO - [app.py:34] - API routers registered successfully
2025-11-04 18:49:54,108 - werkzeug - INFO - [_internal.py:97] - [31m[1mWARNING: This is a development server. Do not use it in a production deployment. Use a production WSGI server instead.[0m
 * Running on http://127.0.0.1:8219
2025-11-04 18:49:54,109 - werkzeug - INFO - [_internal.py:97] - [33mPress CTRL+C to quit[0m
2025-11-04 18:49:54,127 - werkzeug - INFO - [_internal.py:97] -  * Restarting with watchdog (inotify)
2025-11-04 18:49:55,803 - survey_app - INFO - [database_config.py:8] - Attempting to connect to MongoDB at: lapan.xttqjbk.mongodb.net/?retryWrites=true&w=majority&appName=Lapan&tls=true&tlsAllowInvalidCertificates=true
2025-11-04 18:49:56,738 - survey_app - INFO - [database_config.py:14] - Successfully connected to MongoDB at: lapan.xttqjbk.mongodb.net/?retryWrites=true&w=majority&appName=Lapan&tls=true&tlsAllowInvalidCertificates=true
2025-11-04 18:49:56,739 - survey_app - INFO - [database_config.py:17] - Database 'survey_db' selected successfully
2025-11-04 18:49:56,859 - survey_app - INFO - [email_config.py:7] - --- Creating Email Connection Config ---
2025-11-04 18:49:56,879 - survey_app - INFO - [email_config.py:19] - Email connection config created for server: smtp.gmail.com, port: 587
2025-11-04 18:49:56,879 - survey_app - INFO - [email_config.py:20] - --- Email Connection Config Created ---
2025-11-04 18:49:56,879 - survey_app - INFO - [email_config.py:23] - FastMail instance created
2025-11-04 18:49:56,890 - survey_app - INFO - [app.py:20] - Starting Survey Application API
2025-11-04 18:49:56,891 - survey_app - INFO - [app.py:29] - CORS middleware configured with permissive defaults
2025-11-04 18:49:56,911 - survey_app - INFO - [app.py:34] - API routers registered successfully
2025-11-04 18:49:57,010 - werkzeug - WARNING - [_internal.py:97] -  * Debugger is active!
2025-11-04 18:49:57,011 - werkzeug - INFO - [_internal.py:97] -  * Debugger PIN: 144-971-546
2025-11-04 18:49:57,221 - werkzeug - INFO - [_internal.py:97] - 127.0.0.1 - - [04/Nov/2025 18:49:57] "[33mGET /__/health HTTP/1.1[0m" 404 -
2025-11-04 18:49:57,232 - werkzeug - INFO - [_internal.py:97] - 127.0.0.1 - - [04/Nov/2025 18:49:57] "OPTIONS /api/v1/surveys/ HTTP/1.1" 200 -
2025-11-04 18:49:57,249 - survey_app - INFO - [survey.py:42] - Fetching all surveys
2025-11-04 18:49:57,309 - survey_app - INFO - [survey.py:47] - Fetched surveys: 2
2025-11-04 18:49:57,323 - survey_app - INFO - [survey.py:52] - Parsing survey with ID chyps_v_br_q20
2025-11-04 18:49:57,324 - survey_app - INFO - [survey.py:53] - {'_id': 'chyps_v_br_q20', 'surveyDisplayName': 'CHYPS-V Br Q20', 'surveyName': 'Escala de Hipersensibilidade de Cardiff - Visual (CHYPS-V Br Q20)', 'surveyDescription': '<p>A Escala de Hipersensibilidade de Cardiff - Visual (CHYPS-V) é um instrumento internacionalmente reconhecido desenvolvido para avaliar desconfortos visuais em ambientes cotidianos. O objetivo do questionário é medir, por auto-relato, a sensibilidade física a estímulos visuais como luz intensa, padrões repetitivos, luzes piscantes e ambientes visualmente complexos, sendo composto por 20 itens agrupados em quatro subtipos (Brilho, Padrão, Estroboscópico e Ambientes Visuais Intensos).</p><br /><br /><p>Esta versão foi traduzida para o português brasileiro em agosto de 2025. O instrumento original foi desenvolvido por Price, Sumner &amp; Powell e publicado na Vision Research (<a href="https://doi.org/10.1016/j.visres.2025.108610">https://doi.org/10.1016/j.visres.2025.108610</a>).</p><br /><br /><p>PRICE, Alice; SUMNER, Petroc; POWELL, Georgina. Understanding the subtypes of visual hypersensitivity: Four coherent factors and their measurement with the Cardiff Hypersensitivity Scale (CHYPS). <b>Vision Research</b>, v. 233, p. 108610, 1 ago. 2025. DOI: <a href="https://doi.org/10.1016/j.visres.2025.108610">https://doi.org/10.1016/j.visres.2025.108610</a></p>', 'creatorName': 'Hugo de Paula', 'creatorContact': 'lapan.hugodepaula@gmail.com', 'createdAt': '2025-08-09', 'modifiedAt': '2025-08-15', 'instructions': {'preamble': "<p><strong>Escala de Hipersensibilidade de Cardiff - Visual (CHYPS-V)</strong></p><br /><p>Este questionário pergunta se certas situações são confortáveis ou desconfortáveis para seus olhos e cabeça. Embora uma situação possa ser desconfortável por ser perturbadora, assustadora ou repugnante, não é a isso que nos referimos.</p><p>Estamos perguntando especificamente se essas situações são fisicamente desconfortáveis, causando alguma forma de dor física, cansaço, incômodo ou tensão nos olhos, na cabeça ou ao redor deles.</p><p>Por favor, responda a cada pergunta com base no que acontece quando você vivencia uma determinada situação, e não na frequência com que você a vivencia. Por exemplo, se você sempre sente desconforto ao passar uma camisa listrada, mas não as passa com frequência, você deve responder 'Quase Sempre'.</p>", 'questionText': "Por favor, indique o que queremos dizer com 'desconfortável' nas perguntas que você está prestes a responder (leia o texto acima se não tiver certeza):", 'answers': ['Perturbador', 'Assustador', 'Repugnante', 'Dor física, cansaço ou tensão nos olhos, na cabeça ou ao redor deles']}, 'questions': [{'id': 1, 'questionText': 'Quando olho para padrões repetitivos ou listrados (ex: pisos estampados, papéis de parede, edifícios, roupas listradas), sinto um desconforto tão grande nos olhos ou na cabeça que preciso desviar o olhar.', 'answers': ['Quase Nunca', 'Ocasionalmente', 'Frequentemente', 'Quase Sempre']}, {'id': 2, 'questionText': 'Eu tento evitar assistir a filmes ou TV com muitos movimentos rápidos ou que usam filmagem com a câmera tremida (ex: jogos esportivos, filmes de ação) porque acho desconfortável olhar para eles.', 'answers': ['Quase Nunca', 'Ocasionalmente', 'Frequentemente', 'Quase Sempre']}, {'id': 3, 'questionText': 'Eu apago ou diminuo a intensidade de luzes de teto fortes porque elas causam desconforto nos meus olhos ou na minha cabeça.', 'answers': ['Quase Nunca', 'Ocasionalmente', 'Frequentemente', 'Quase Sempre']}, {'id': 4, 'questionText': 'Eu preciso desviar o olhar ao assistir a esportes ou pessoas correndo e se movendo rapidamente porque é visualmente desconfortável.', 'answers': ['Quase Nunca', 'Ocasionalmente', 'Frequentemente', 'Quase Sempre']}, {'id': 5, 'questionText': 'Padrões e imagens listrados e repetitivos parecem brilhar, piscar ou se mover quando eu olho para eles.', 'answers': ['Quase Nunca', 'Ocasionalmente', 'Frequentemente', 'Quase Sempre']}, {'id': 6, 'questionText': 'Eu fecho os olhos ou desvio o olhar se há luzes estroboscópicas ou piscantes em um programa de TV ou em um filme no cinema.', 'answers': ['Quase Nunca', 'Ocasionalmente', 'Frequentemente', 'Quase Sempre']}, {'id': 7, 'questionText': 'Mesmo que o sol não esteja diretamente nos meus olhos, preciso abaixar o quebra-sol ao dirigir em condições de muita luz, porque a luminosidade é desconfortável para meus olhos ou cabeça.', 'answers': ['Quase Nunca', 'Ocasionalmente', 'Frequentemente', 'Quase Sempre']}, {'id': 8, 'questionText': 'Quando há muitas cores vivas ao meu redor, eu tendo a ter dor de cabeça.', 'answers': ['Quase Nunca', 'Ocasionalmente', 'Frequentemente', 'Quase Sempre']}, {'id': 9, 'questionText': 'Acho mudanças súbitas do escuro para o claro extremamente desconfortáveis para meus olhos e cabeça (ex: acender as luzes à noite, sair de um quarto escuro).', 'answers': ['Quase Nunca', 'Ocasionalmente', 'Frequentemente', 'Quase Sempre']}, {'id': 10, 'questionText': 'Videogames com muito movimento causam desconforto nos meus olhos ou na minha cabeça.', 'answers': ['Quase Nunca', 'Ocasionalmente', 'Frequentemente', 'Quase Sempre']}, {'id': 11, 'questionText': 'Lugares bagunçados ou visualmente desorganizados (ex: quartos, lojas ou outros ambientes) causam desconforto nos meus olhos ou na minha cabeça.', 'answers': ['Quase Nunca', 'Ocasionalmente', 'Frequentemente', 'Quase Sempre']}, {'id': 12, 'questionText': 'Eu preciso desviar o olhar ou evitar padrões complexos no meu ambiente (ex: papéis de parede, tapetes, obras de arte).', 'answers': ['Quase Nunca', 'Ocasionalmente', 'Frequentemente', 'Quase Sempre']}, {'id': 13, 'questionText': 'Observar multidões de pessoas se movendo é desconfortável para meus olhos e cabeça.', 'answers': ['Quase Nunca', 'Ocasionalmente', 'Frequentemente', 'Quase Sempre']}, {'id': 14, 'questionText': 'Quando a luz do sol é refletida em superfícies (ex: água, neve, espelhos, carros, telas), sinto um desconforto tão grande nos olhos ou na cabeça que preciso desviar o olhar.', 'answers': ['Quase Nunca', 'Ocasionalmente', 'Frequentemente', 'Quase Sempre']}, {'id': 15, 'questionText': 'Acho desconfortável olhar para cômodos ou edifícios com características listradas ou complexas (ex: painéis de alto contraste, paredes de tijolos, colunas).', 'answers': ['Quase Nunca', 'Ocasionalmente', 'Frequentemente', 'Quase Sempre']}, {'id': 16, 'questionText': 'Olhar para telas piscando é desconfortável para meus olhos e cabeça.', 'answers': ['Quase Nunca', 'Ocasionalmente', 'Frequentemente', 'Quase Sempre']}, {'id': 17, 'questionText': 'Eu tento evitar ir a supermercados porque os considero visualmente desconfortáveis (ex: objetos, prateleiras, cores vivas e luzes em excesso).', 'answers': ['Quase Nunca', 'Ocasionalmente', 'Frequentemente', 'Quase Sempre']}, {'id': 18, 'questionText': 'Eu tento evitar ir a locais onde haverá luzes estroboscópicas ou piscantes (ex: boates, teatros, shows) para o caso de elas causarem desconforto nos meus olhos ou na minha cabeça.', 'answers': ['Quase Nunca', 'Ocasionalmente', 'Frequentemente', 'Quase Sempre']}, {'id': 19, 'questionText': 'Meus olhos ou minha cabeça ficam desconfortáveis se houver uma luz forte no escuro (ex: telas de cinema, salas de aula/auditórios, lanternas, faróis de carro à noite).', 'answers': ['Quase Nunca', 'Ocasionalmente', 'Frequentemente', 'Quase Sempre']}, {'id': 20, 'questionText': 'Roupas com listras, xadrez ou padrões complexos me fazem querer desviar o olhar.', 'answers': ['Quase Nunca', 'Ocasionalmente', 'Frequentemente', 'Quase Sempre']}], 'finalNotes': "<p>Em breve você receberá um laudo com os resultados do seu questionário. Quaisquer dúvidas sobre a aplicação do questionário, armazenamento e uso de suas respostas, por favor, entre em contato com o responsável pelo estudo em <a href='mailto:lapan.hugodepaula@gmail.com'>lapan.hugodepaula@gmail.com</a>.</p><br /><br /><p>Gostaríamos de lembrar que seus dados são confidenciais e jamais serão divulgados com terceiros sem a sua expressa autorização.</p>"}
2025-11-04 18:49:57,325 - survey_app - INFO - [survey.py:52] - Parsing survey with ID lapan_q7
2025-11-04 18:49:57,326 - survey_app - INFO - [survey.py:53] - {'_id': 'lapan_q7', 'surveyDisplayName': 'Lapan Q7', 'surveyName': 'Escala de Hipersensibilidade Visual - Lapan Q7', 'surveyDescription': '<p>Escala de Hipersensibilidade Visual - Lapan Q7 é um instrumento de avaliação do desconforto visual em ambientes cotidianos. O objetivo do questionário é medir, por auto-relato, a sensibilidade física a estímulos visuais como luz intensa, padrões repetitivos, luzes piscantes e ambientes visualmente complexos.</p>', 'creatorName': 'Dr. Ricardo Guimarães', 'creatorContact': 'lapan.hugodepaula@gmail.com', 'createdAt': '2025-08-09', 'modifiedAt': '2025-08-15', 'instructions': {'preamble': "<p>Este questionário pergunta se certas situações são confortáveis ou desconfortáveis para seus olhos e cabeça. Embora uma situação possa ser desconfortável por ser perturbadora, assustadora ou repugnante, não é a isso que nos referimos.</p><p>Estamos perguntando especificamente se essas situações são fisicamente desconfortáveis, causando alguma forma de dor física, cansaço, incômodo ou tensão nos olhos, na cabeça ou ao redor deles.</p><p>Por favor, responda a cada pergunta com base no que acontece quando você vivencia uma determinada situação, e não na frequência com que você a vivencia. Por exemplo, se você sempre sente desconforto ao passar uma camisa listrada, mas não as passa com frequência, você deve responder 'Quase Sempre'.</p>", 'questionText': "Por favor, indique o que queremos dizer com 'desconfortável' nas perguntas que você está prestes a responder (leia o texto acima se não tiver certeza):", 'answers': ['Perturbador', 'Assustador', 'Repugnante', 'Dor física, cansaço ou tensão nos olhos, na cabeça ou ao redor deles']}, 'questions': [{'id': 1, 'questionText': 'A luz te incomoda mais que o normal, gerando desconforto em ambientes claros? (Esse sintoma tem nome: fotofobia.)', 'answers': ['Quase Nunca', 'Ocasionalmente', 'Frequentemente', 'Quase Sempre']}, {'id': 2, 'questionText': 'Você sente-se desconfortável ou sobrecarregado em ambientes muito barulhentos, como restaurantes ou escritórios abertos?', 'answers': ['Quase Nunca', 'Ocasionalmente', 'Frequentemente', 'Quase Sempre']}, {'id': 3, 'questionText': 'Você tem uma sensibilidade especial para certos tipos de tecido ou etiquetas nas roupas?', 'answers': ['Quase Nunca', 'Ocasionalmente', 'Frequentemente', 'Quase Sempre']}, {'id': 4, 'questionText': 'Costuma se sentir desconfortável ao usar portas automáticas, andar de escada rolante ou enjoa ao viajar como passageiro de carro?', 'answers': ['Quase Nunca', 'Ocasionalmente', 'Frequentemente', 'Quase Sempre']}, {'id': 5, 'questionText': 'Seu paladar ou olfato é particularmente seletivo, com aversões ou preferências muito marcantes?', 'answers': ['Quase Nunca', 'Ocasionalmente', 'Frequentemente', 'Quase Sempre']}, {'id': 6, 'questionText': 'Você tem dores de cabeça ou crises de enxaqueca frequentes?', 'answers': ['Quase Nunca', 'Ocasionalmente', 'Frequentemente', 'Quase Sempre']}, {'id': 7, 'questionText': 'Ao final de um dia comum de trabalho, sente-se mais esgotado do que seria esperado para sua carga de atividades?', 'answers': ['Quase Nunca', 'Ocasionalmente', 'Frequentemente', 'Quase Sempre']}], 'finalNotes': "<p>Em breve você receberá um laudo com os resultados do seu questionário. Quaisquer dúvidas sobre a aplicação do questionário, armazenamento e uso de suas respostas, por favor, entre em contato com o responsável pelo estudo em <a href='mailto:lapan.hugodepaula@gmail.com'>lapan.hugodepaula@gmail.com</a>.</p><br /><br /><p>Gostaríamos de lembrar que seus dados são confidenciais e jamais serão divulgados com terceiros sem a sua expressa autorização.</p>"}
2025-11-04 18:49:57,326 - survey_app - INFO - [survey.py:60] - Successfully fetched 2 surveys
2025-11-04 18:49:57,331 - werkzeug - INFO - [_internal.py:97] - 127.0.0.1 - - [04/Nov/2025 18:49:57] "GET /api/v1/surveys/ HTTP/1.1" 200 -
2025-11-04 19:15:37,920 - werkzeug - INFO - [_internal.py:97] -  * Detected change in '/home/hugo/Documents/survey/survey_api/config/system_settings.py', reloading
2025-11-04 19:15:37,920 - werkzeug - INFO - [_internal.py:97] -  * Detected change in '/home/hugo/Documents/survey/survey_api/config/system_settings.py', reloading
2025-11-04 19:15:37,927 - werkzeug - INFO - [_internal.py:97] -  * Detected change in '/home/hugo/Documents/survey/survey_api/config/system_settings.py', reloading
2025-11-04 19:15:37,927 - werkzeug - INFO - [_internal.py:97] -  * Detected change in '/home/hugo/Documents/survey/survey_api/config/system_settings.py', reloading
2025-11-04 19:15:37,929 - werkzeug - INFO - [_internal.py:97] -  * Detected change in '/home/hugo/Documents/survey/survey_api/config/system_settings.py', reloading
2025-11-04 19:15:37,929 - werkzeug - INFO - [_internal.py:97] -  * Detected change in '/home/hugo/Documents/survey/survey_api/config/system_settings.py', reloading
2025-11-04 19:15:38,932 - werkzeug - INFO - [_internal.py:97] -  * Restarting with watchdog (inotify)
2025-11-04 19:15:38,947 - werkzeug - INFO - [_internal.py:97] -  * Restarting with watchdog (inotify)
2025-11-04 19:15:40,111 - survey_app - INFO - [database_config.py:8] - Attempting to connect to MongoDB at: lapan.xttqjbk.mongodb.net/?retryWrites=true&w=majority&appName=Lapan&tls=true&tlsAllowInvalidCertificates=true
2025-11-04 19:15:40,112 - survey_app - INFO - [database_config.py:8] - Attempting to connect to MongoDB at: lapan.xttqjbk.mongodb.net/?retryWrites=true&w=majority&appName=Lapan&tls=true&tlsAllowInvalidCertificates=true
2025-11-04 19:15:41,370 - survey_app - INFO - [database_config.py:14] - Successfully connected to MongoDB at: lapan.xttqjbk.mongodb.net/?retryWrites=true&w=majority&appName=Lapan&tls=true&tlsAllowInvalidCertificates=true
2025-11-04 19:15:41,370 - survey_app - INFO - [database_config.py:14] - Successfully connected to MongoDB at: lapan.xttqjbk.mongodb.net/?retryWrites=true&w=majority&appName=Lapan&tls=true&tlsAllowInvalidCertificates=true
2025-11-04 19:15:41,370 - survey_app - INFO - [database_config.py:17] - Database 'survey_db' selected successfully
2025-11-04 19:15:41,371 - survey_app - INFO - [database_config.py:17] - Database 'survey_db' selected successfully
2025-11-04 19:15:41,431 - survey_app - INFO - [email_config.py:7] - --- Creating Email Connection Config ---
2025-11-04 19:15:41,440 - survey_app - INFO - [email_config.py:7] - --- Creating Email Connection Config ---
2025-11-04 19:15:41,447 - survey_app - INFO - [email_config.py:19] - Email connection config created for server: smtp.gmail.com, port: 587
2025-11-04 19:15:41,447 - survey_app - INFO - [email_config.py:20] - --- Email Connection Config Created ---
2025-11-04 19:15:41,447 - survey_app - INFO - [email_config.py:23] - FastMail instance created
2025-11-04 19:15:41,451 - survey_app - INFO - [email_config.py:19] - Email connection config created for server: smtp.gmail.com, port: 587
2025-11-04 19:15:41,452 - survey_app - INFO - [email_config.py:20] - --- Email Connection Config Created ---
2025-11-04 19:15:41,452 - survey_app - INFO - [email_config.py:23] - FastMail instance created
2025-11-04 19:15:41,457 - survey_app - INFO - [app.py:20] - Starting Survey Application API
2025-11-04 19:15:41,457 - survey_app - INFO - [app.py:29] - CORS middleware configured with permissive defaults
2025-11-04 19:15:41,460 - survey_app - INFO - [app.py:20] - Starting Survey Application API
2025-11-04 19:15:41,460 - survey_app - INFO - [app.py:29] - CORS middleware configured with permissive defaults
2025-11-04 19:15:41,469 - survey_app - INFO - [app.py:34] - API routers registered successfully
2025-11-04 19:15:41,470 - survey_app - INFO - [app.py:34] - API routers registered successfully
2025-11-04 19:15:41,528 - werkzeug - WARNING - [_internal.py:97] -  * Debugger is active!
2025-11-04 19:15:41,528 - werkzeug - INFO - [_internal.py:97] -  * Debugger PIN: 325-349-178
2025-11-04 19:15:41,530 - werkzeug - WARNING - [_internal.py:97] -  * Debugger is active!
2025-11-04 19:15:41,530 - werkzeug - INFO - [_internal.py:97] -  * Debugger PIN: 325-349-178
2025-11-04 19:16:39,241 - werkzeug - INFO - [_internal.py:97] -  * Detected change in '/home/hugo/Documents/survey/survey_api/config/system_settings.py', reloading
2025-11-04 19:16:39,241 - werkzeug - INFO - [_internal.py:97] -  * Detected change in '/home/hugo/Documents/survey/survey_api/config/system_settings.py', reloading
2025-11-04 19:16:39,244 - werkzeug - INFO - [_internal.py:97] -  * Detected change in '/home/hugo/Documents/survey/survey_api/config/system_settings.py', reloading
2025-11-04 19:16:39,244 - werkzeug - INFO - [_internal.py:97] -  * Detected change in '/home/hugo/Documents/survey/survey_api/config/system_settings.py', reloading
2025-11-04 19:16:39,252 - werkzeug - INFO - [_internal.py:97] -  * Detected change in '/home/hugo/Documents/survey/survey_api/config/system_settings.py', reloading
2025-11-04 19:16:39,252 - werkzeug - INFO - [_internal.py:97] -  * Detected change in '/home/hugo/Documents/survey/survey_api/config/system_settings.py', reloading
2025-11-04 19:16:40,217 - werkzeug - INFO - [_internal.py:97] -  * Restarting with watchdog (inotify)
2025-11-04 19:16:40,255 - werkzeug - INFO - [_internal.py:97] -  * Restarting with watchdog (inotify)
2025-11-04 19:16:41,309 - survey_app - INFO - [database_config.py:8] - Attempting to connect to MongoDB at: lapan.xttqjbk.mongodb.net/?retryWrites=true&w=majority&appName=Lapan&tls=true
2025-11-04 19:16:41,368 - survey_app - INFO - [database_config.py:8] - Attempting to connect to MongoDB at: lapan.xttqjbk.mongodb.net/?retryWrites=true&w=majority&appName=Lapan&tls=true
2025-11-04 19:16:42,243 - survey_app - INFO - [database_config.py:14] - Successfully connected to MongoDB at: lapan.xttqjbk.mongodb.net/?retryWrites=true&w=majority&appName=Lapan&tls=true
2025-11-04 19:16:42,244 - survey_app - INFO - [database_config.py:17] - Database 'survey_db' selected successfully
2025-11-04 19:16:42,287 - survey_app - INFO - [database_config.py:14] - Successfully connected to MongoDB at: lapan.xttqjbk.mongodb.net/?retryWrites=true&w=majority&appName=Lapan&tls=true
2025-11-04 19:16:42,287 - survey_app - INFO - [database_config.py:17] - Database 'survey_db' selected successfully
2025-11-04 19:16:42,329 - survey_app - INFO - [email_config.py:7] - --- Creating Email Connection Config ---
2025-11-04 19:16:42,345 - survey_app - INFO - [email_config.py:19] - Email connection config created for server: smtp.gmail.com, port: 587
2025-11-04 19:16:42,345 - survey_app - INFO - [email_config.py:20] - --- Email Connection Config Created ---
2025-11-04 19:16:42,345 - survey_app - INFO - [email_config.py:23] - FastMail instance created
2025-11-04 19:16:42,354 - survey_app - INFO - [app.py:20] - Starting Survey Application API
2025-11-04 19:16:42,354 - survey_app - INFO - [app.py:29] - CORS middleware configured with permissive defaults
2025-11-04 19:16:42,360 - survey_app - INFO - [email_config.py:7] - --- Creating Email Connection Config ---
2025-11-04 19:16:42,364 - survey_app - INFO - [app.py:34] - API routers registered successfully
2025-11-04 19:16:42,370 - survey_app - INFO - [email_config.py:19] - Email connection config created for server: smtp.gmail.com, port: 587
2025-11-04 19:16:42,371 - survey_app - INFO - [email_config.py:20] - --- Email Connection Config Created ---
2025-11-04 19:16:42,371 - survey_app - INFO - [email_config.py:23] - FastMail instance created
2025-11-04 19:16:42,377 - survey_app - INFO - [app.py:20] - Starting Survey Application API
2025-11-04 19:16:42,377 - survey_app - INFO - [app.py:29] - CORS middleware configured with permissive defaults
2025-11-04 19:16:42,387 - survey_app - INFO - [app.py:34] - API routers registered successfully
2025-11-04 19:16:42,429 - werkzeug - WARNING - [_internal.py:97] -  * Debugger is active!
2025-11-04 19:16:42,430 - werkzeug - INFO - [_internal.py:97] -  * Debugger PIN: 325-349-178
2025-11-04 19:16:42,444 - werkzeug - WARNING - [_internal.py:97] -  * Debugger is active!
2025-11-04 19:16:42,445 - werkzeug - INFO - [_internal.py:97] -  * Debugger PIN: 325-349-178
